
Showing logs for build [32mcb-kubecd-bdd-gh-1597415985-pr-khzz9-1[0m stage [32mfrom-build-pack[0m and container [32mstep-credential-initializer-rwj6z[0m
{"level":"info","ts":1597416978.43177,"logger":"fallback-logger","caller":"logging/config.go:69","msg":"Fetch GitHub commit ID from kodata failed: open /var/run/ko/refs/heads/0.8.0-ns-support: no such file or directory"}
{"level":"info","ts":1597416978.434181,"logger":"fallback-logger","caller":"creds-init/main.go:40","msg":"Credentials initialized."}

Showing logs for build [32mcb-kubecd-bdd-gh-1597415985-pr-khzz9-1[0m stage [32mfrom-build-pack[0m and container [32mstep-working-dir-initializer-xcz9j[0m
{"level":"info","ts":1597416979.043395,"logger":"fallback-logger","caller":"logging/config.go:69","msg":"Fetch GitHub commit ID from kodata failed: open /var/run/ko/HEAD: no such file or directory"}
{"level":"info","ts":1597416979.0445056,"logger":"fallback-logger","caller":"bash/main.go:64","msg":"Successfully executed command \"sh -c mkdir -p /workspace/source\"; output "}

Showing logs for build [32mcb-kubecd-bdd-gh-1597415985-pr-khzz9-1[0m stage [32mfrom-build-pack[0m and container [32mstep-place-tools[0m

Showing logs for build [32mcb-kubecd-bdd-gh-1597415985-pr-khzz9-1[0m stage [32mfrom-build-pack[0m and container [32mstep-git-source-cb-kubecd-bdd-gh-1597415985-pr-khzz9-dshb8[0m
{"level":"info","ts":1597417005.7034447,"logger":"fallback-logger","caller":"logging/config.go:69","msg":"Fetch GitHub commit ID from kodata failed: open /var/run/ko/refs/heads/0.8.0-ns-support: no such file or directory"}
{"level":"info","ts":1597417006.925322,"logger":"fallback-logger","caller":"git/git.go:103","msg":"Successfully cloned https://github.com/cb-kubecd/bdd-gh-1597415985.git @ master in path /workspace/source"}

Showing logs for build [32mcb-kubecd-bdd-gh-1597415985-pr-khzz9-1[0m stage [32mfrom-build-pack[0m and container [32mstep-git-merge[0m
Using SHAs from PULL_REFS=master:faf943caed8362dc89374cf3c77ff3ca86f63b7f,1:fa05222332bb4af1a990d114a2b4790f1008724f
DEBUG: LC_ALL=C JX_LOG_LEVEL=error git fetch origin --unshallow fa05222332bb4af1a990d114a2b4790f1008724f: faf943caed8362dc89374cf3c77ff3ca86f63b7f:
DEBUG: ran git fetch --unshallow origin fa05222332bb4af1a990d114a2b4790f1008724f: faf943caed8362dc89374cf3c77ff3ca86f63b7f: in 
DEBUG: LC_ALL=C JX_LOG_LEVEL=error git branch
DEBUG: LC_ALL=C JX_LOG_LEVEL=error git checkout master
DEBUG: ran git checkout master in 
DEBUG: LC_ALL=C JX_LOG_LEVEL=error git reset --hard faf943caed8362dc89374cf3c77ff3ca86f63b7f
DEBUG: ran git reset --hard faf943caed8362dc89374cf3c77ff3ca86f63b7f in 
DEBUG: LC_ALL=C JX_LOG_LEVEL=error git clean -fd .
DEBUG: ran clean --force -d . in 
DEBUG: LC_ALL=C JX_LOG_LEVEL=error git merge fa05222332bb4af1a990d114a2b4790f1008724f
DEBUG: ran git merge fa05222332bb4af1a990d114a2b4790f1008724f in 
DEBUG: LC_ALL=C JX_LOG_LEVEL=error git log --format=%H%x1f%an%x1f%ae%x1f%cn%x1f%ce%x1f%s%n%b%x1e faf943caed8362dc89374cf3c77ff3ca86f63b7f..HEAD
Merged SHA fa05222332bb4af1a990d114a2b4790f1008724f with commit message 'My first PR commit' into base branch master

Showing logs for build [32mcb-kubecd-bdd-gh-1597415985-pr-khzz9-1[0m stage [32mfrom-build-pack[0m and container [32mstep-build-make-linux[0m
CGO_ENABLED=0 GOOS=linux GOARCH=amd64 GO15VENDOREXPERIMENT=1 go build -ldflags '' -o bin/bdd-gh-1597415985 main.go

Showing logs for build [32mcb-kubecd-bdd-gh-1597415985-pr-khzz9-1[0m stage [32mfrom-build-pack[0m and container [32mstep-build-container-build[0m
ERROR: logging before flag.Parse: E0814 14:56:53.133215      11 metadata.go:241] Failed to unmarshal scopes: json: cannot unmarshal string into Go value of type []string
[36mINFO[0m[0000] Resolved base name scratch to scratch        
[36mINFO[0m[0000] Using dockerignore file: /workspace/source/.dockerignore 
[36mINFO[0m[0000] Resolved base name scratch to scratch        
[36mINFO[0m[0000] Built cross stage deps: map[]                
[36mINFO[0m[0000] No base image, nothing to extract            
[36mINFO[0m[0000] cmd: EXPOSE                                  
[36mINFO[0m[0000] Adding exposed port: 8080/tcp                
[36mINFO[0m[0000] Checking for cached layer gcr.io/jenkins-x-labs-bdd/cache:713bbb78c3254e685f3010081bdf76a489985e130c4a3588d7d3befc87bcf718... 
[36mINFO[0m[0001] Using caching version of cmd: COPY ./bin/ /  
[36mINFO[0m[0001] Skipping unpacking as no commands require it. 
[36mINFO[0m[0001] Taking snapshot of full filesystem...        
[36mINFO[0m[0001] Resolving paths                              
[36mINFO[0m[0001] EXPOSE 8080                                  
[36mINFO[0m[0001] cmd: EXPOSE                                  
[36mINFO[0m[0001] Adding exposed port: 8080/tcp                
[36mINFO[0m[0001] No files changed in this command, skipping snapshotting. 
[36mINFO[0m[0001] ENTRYPOINT ["/bdd-gh-1597415985"]            
[36mINFO[0m[0001] No files changed in this command, skipping snapshotting. 
[36mINFO[0m[0001] COPY ./bin/ /                                
[36mINFO[0m[0001] Found cached layer, extracting to filesystem 

Showing logs for build [32mcb-kubecd-bdd-gh-1597415985-pr-khzz9-1[0m stage [32mfrom-build-pack[0m and container [32mstep-promote-make-preview[0m
sed -i -e "s/version:.*/version: 0.0.0-SNAPSHOT-PR-1-1/" Chart.yaml
sed -i -e "s/version:.*/version: 0.0.0-SNAPSHOT-PR-1-1/" ../*/Chart.yaml
sed -i -e "s|repository:.*|repository: gcr.io\/jenkins-x-labs-bdd\/bdd-gh-1597415985|" values.yaml
sed -i -e "s/tag:.*/tag: 0.0.0-SNAPSHOT-PR-1-1/" values.yaml
echo "  version: 0.0.0-SNAPSHOT-PR-1-1" >> requirements.yaml
** step helm build
WARNING: No $CHART_REPOSITORY defined so using the default value of: http://jenkins-x-chartmuseum:8080
Adding missing Helm repo: storage.googleapis.com https://storage.googleapis.com/chartmuseum.jenkins-x.io
Successfully added Helm repository storage.googleapis.com.
Adding missing Helm repo: jenkins-x-chartmuseum http://jenkins-x-chartmuseum:8080
Successfully added Helm repository jenkins-x-chartmuseum.
WARNING: No $CHART_REPOSITORY defined so using the default value of: http://jenkins-x-chartmuseum:8080

Showing logs for build [32mcb-kubecd-bdd-gh-1597415985-pr-khzz9-1[0m stage [32mfrom-build-pack[0m and container [32mstep-promote-jx-preview[0m
Creating a preview
Created environment cb-kubecd-bdd-gh-1597415985-pr-1
Namespace **-cb-kubecd-bdd-gh-1597415985-pr-1 created 
expose:
  Annotations:
    helm.sh/hook: post-install,post-upgrade
    helm.sh/hook-delete-policy: hook-succeeded
  config:
    domain: 35.205.54.86.nip.io
    exposer: Ingress
    http: "true"
preview:
  image:
    repository: gcr.io/jenkins-x-labs-bdd/bdd-gh-1597415985
    tag: 0.0.0-SNAPSHOT-PR-1-1
adding helm values file /workspace/source/charts/preview/**-values.yaml for namespace **-cb-kubecd-bdd-gh-1597415985-pr-1
about to run: git clone https://github.com/rawlingsj/**r-versions.git /tmp/734747735/jenkins-x-versions in dir /tmp/734747735
Cloning into '/tmp/734747735/jenkins-x-versions'...
about to run: git fetch origin 9ca8158cce47c3d9ff55624ba243f2ac61352f9b in dir /tmp/734747735/jenkins-x-versions
From https://github.com/rawlingsj/**r-versions
 * branch            9ca8158cce47c3d9ff55624ba243f2ac61352f9b -> FETCH_HEAD
about to run: git branch -r in dir /tmp/734747735/jenkins-x-versions
origin/HEAD -> origin/master
  origin/bump-promote-version-7172e717-8ae5-11ea-a95f-8a66034adadd
  origin/changes
  origin/gh-pages
  origin/istio-tls
  origin/master
  origin/tls
about to run: git checkout FETCH_HEAD in dir /tmp/734747735/jenkins-x-versions
Note: checking out 'FETCH_HEAD'.

You are in 'detached HEAD' state. You can look around, make experimental
changes and commit them, and you can discard any commits you make in this
state without impacting any branches by performing another checkout.

If you want to create a new branch to retain commits you create, you may
do so (now or later) by using -b with the checkout command again. Example:

  git checkout -b <new-branch-name>

HEAD is now at 9ca8158 chore: lets install external secrets in a more generic named namespace and clean up old use of phase
about to run: git fetch --tags in dir /tmp/734747735/jenkins-x-versions
about to run: git describe 9ca8158cce47c3d9ff55624ba243f2ac61352f9b --abbrev=0 --contains in dir /tmp/734747735/jenkins-x-versions
fatal: cannot describe '9ca8158cce47c3d9ff55624ba243f2ac61352f9b'
Updating PipelineActivities cb-kubecd-bdd-gh-1597415985-pr-1-1 which has status Running
WARNING: preview application http://bdd-gh-1597415985-**-cb-kubecd-bdd-gh-1597415985-pr-1.35.205.54.86.nip.io not available, error was 503 503 Service Temporarily Unavailable, delaying for: 818.058174ms
WARNING: preview application http://bdd-gh-1597415985-**-cb-kubecd-bdd-gh-1597415985-pr-1.35.205.54.86.nip.io not available, error was 503 503 Service Temporarily Unavailable, delaying for: 1.189652786s
WARNING: preview application http://bdd-gh-1597415985-**-cb-kubecd-bdd-gh-1597415985-pr-1.35.205.54.86.nip.io not available, error was 503 503 Service Temporarily Unavailable, delaying for: 1.582170472s
Preview application is now available at: http://bdd-gh-1597415985-**-cb-kubecd-bdd-gh-1597415985-pr-1.35.205.54.86.nip.io
